<?xml version="1.0" encoding="UTF-8"?>
<!-- Generated by org.testng.reporters.JUnitReportReporter -->
<testsuite hostname="ANUKIRAN" failures="0" tests="8" name="testCase.LogInPageTest" time="34.253" errors="0" timestamp="2024-11-02T13:34:48 EDT" skipped="2">
  <testcase classname="testCase.LogInPageTest" name="verifyLogInWithExcelData" time="6.445"/>
  <system-out/>
  <testcase classname="testCase.LogInPageTest" name="verifyLogInWithValidData" time="4.108"/>
  <system-out/>
  <testcase classname="testCase.LogInPageTest" name="verifyLogInWithExcelData" time="7.042"/>
  <system-out/>
  <testcase classname="testCase.LogInPageTest" name="verifyLogInWithExcelData" time="3.885"/>
  <system-out/>
  <testcase classname="testCase.LogInPageTest" name="verifyLogInWithExcelData" time="4.353"/>
  <system-out/>
  <testcase classname="testCase.LogInPageTest" name="verifyLogInWithValidData" time="8.420"/>
  <system-out/>
  <testcase classname="testCase.LogInPageTest" name="verifyLogInWithInValidData">
    <skipped/>
  </testcase> <!-- verifyLogInWithInValidData -->
  <system-out/>
  <testcase classname="testCase.LogInPageTest" name="verifyLogInWithInValidData">
    <skipped/>
  </testcase> <!-- verifyLogInWithInValidData -->
  <system-out/>
</testsuite> <!-- testCase.LogInPageTest -->
