<?xml version="1.0" encoding="UTF-8"?>
<!-- Generated by org.testng.reporters.JUnitReportReporter -->
<testsuite hostname="ANUKIRAN" failures="0" tests="6" name="testCase.SubCategoryTest" time="59.273" errors="0" timestamp="2024-11-07T10:16:18 EST" skipped="0">
  <testcase classname="testCase.SubCategoryTest" name="verifyNewSubCategory" time="12.821"/>
  <testcase classname="testCase.SubCategoryTest" name="deleteSubCategory" time="11.082"/>
  <testcase classname="testCase.SubCategoryTest" name="updateSubCategory" time="7.519"/>
  <testcase classname="testCase.SubCategoryTest" name="updateSubCategory" time="9.897"/>
  <testcase classname="testCase.SubCategoryTest" name="deleteSubCategory" time="8.684"/>
  <testcase classname="testCase.SubCategoryTest" name="verifyNewSubCategory" time="9.270"/>
</testsuite> <!-- testCase.SubCategoryTest -->
