<?xml version="1.0" encoding="UTF-8"?>
<!-- Generated by org.testng.reporters.JUnitReportReporter -->
<testsuite hostname="ANUKIRAN" failures="0" tests="6" name="testCase.SubCategoryTest" time="46.613" errors="0" timestamp="2024-11-02T14:54:42 EDT" skipped="0">
  <testcase classname="testCase.SubCategoryTest" name="updateSubCategory" time="8.838"/>
  <system-out/>
  <testcase classname="testCase.SubCategoryTest" name="deleteSubCategory" time="9.147"/>
  <system-out/>
  <testcase classname="testCase.SubCategoryTest" name="deleteSubCategory" time="6.219"/>
  <system-out/>
  <testcase classname="testCase.SubCategoryTest" name="verifyNewSubCategory" time="6.123"/>
  <system-out/>
  <testcase classname="testCase.SubCategoryTest" name="verifyNewSubCategory" time="10.571"/>
  <system-out/>
  <testcase classname="testCase.SubCategoryTest" name="updateSubCategory" time="5.715"/>
  <system-out/>
</testsuite> <!-- testCase.SubCategoryTest -->
