<?xml version="1.0" encoding="UTF-8"?>
<!-- Generated by org.testng.reporters.JUnitReportReporter -->
<testsuite hostname="ANUKIRAN" failures="0" tests="8" name="testCase.LogInPageTest" time="50.308" errors="0" timestamp="2024-11-07T10:16:18 EST" skipped="2">
  <testcase classname="testCase.LogInPageTest" name="verifyLogInWithValidData" time="13.602"/>
  <testcase classname="testCase.LogInPageTest" name="verifyLogInWithExcelData" time="9.019"/>
  <testcase classname="testCase.LogInPageTest" name="verifyLogInWithExcelData" time="3.960"/>
  <testcase classname="testCase.LogInPageTest" name="verifyLogInWithExcelData" time="10.263"/>
  <testcase classname="testCase.LogInPageTest" name="verifyLogInWithValidData" time="7.151"/>
  <testcase classname="testCase.LogInPageTest" name="verifyLogInWithExcelData" time="6.313"/>
  <testcase classname="testCase.LogInPageTest" name="verifyLogInWithInValidData">
    <skipped/>
  </testcase> <!-- verifyLogInWithInValidData -->
  <testcase classname="testCase.LogInPageTest" name="verifyLogInWithInValidData">
    <skipped/>
  </testcase> <!-- verifyLogInWithInValidData -->
</testsuite> <!-- testCase.LogInPageTest -->
