<?xml version="1.0" encoding="UTF-8"?>
<!-- Generated by org.testng.reporters.JUnitReportReporter -->
<testsuite hostname="ANUKIRAN" failures="0" tests="2" name="testCase.ManageContactTest" time="16.653" errors="0" timestamp="2024-10-29T09:50:08 EDT" skipped="0">
  <testcase classname="testCase.ManageContactTest" name="editContact" time="7.598"/>
  <system-out/>
  <testcase classname="testCase.ManageContactTest" name="editContact" time="9.055"/>
  <system-out/>
</testsuite> <!-- testCase.ManageContactTest -->
