<?xml version="1.0" encoding="UTF-8"?>
<!-- Generated by org.testng.reporters.JUnitReportReporter -->
<testsuite hostname="ANUKIRAN" failures="0" tests="8" name="testCase.LogInPageTest" time="31.425" errors="0" timestamp="2024-10-29T10:28:39 EDT" skipped="2">
  <testcase classname="testCase.LogInPageTest" name="verifyLogInWithExcelData" time="3.671"/>
  <system-out/>
  <testcase classname="testCase.LogInPageTest" name="verifyLogInWithExcelData" time="4.307"/>
  <system-out/>
  <testcase classname="testCase.LogInPageTest" name="verifyLogInWithExcelData" time="6.670"/>
  <system-out/>
  <testcase classname="testCase.LogInPageTest" name="verifyLogInWithValidData" time="3.944"/>
  <system-out/>
  <testcase classname="testCase.LogInPageTest" name="verifyLogInWithExcelData" time="6.316"/>
  <system-out/>
  <testcase classname="testCase.LogInPageTest" name="verifyLogInWithValidData" time="6.517"/>
  <system-out/>
  <testcase classname="testCase.LogInPageTest" name="verifyLogInWithInValidData">
    <skipped/>
  </testcase> <!-- verifyLogInWithInValidData -->
  <system-out/>
  <testcase classname="testCase.LogInPageTest" name="verifyLogInWithInValidData">
    <skipped/>
  </testcase> <!-- verifyLogInWithInValidData -->
  <system-out/>
</testsuite> <!-- testCase.LogInPageTest -->
