<?xml version="1.0" encoding="UTF-8"?>
<!-- Generated by org.testng.reporters.JUnitReportReporter -->
<testsuite hostname="ANUKIRAN" failures="0" tests="4" name="testCase.CategoryPageTest" time="32.362" errors="0" timestamp="2024-11-07T10:16:18 EST" skipped="0">
  <testcase classname="testCase.CategoryPageTest" name="verifyEditCategory" time="7.260"/>
  <testcase classname="testCase.CategoryPageTest" name="verifyDeleteCategory" time="6.239"/>
  <testcase classname="testCase.CategoryPageTest" name="verifyDeleteCategory" time="8.361"/>
  <testcase classname="testCase.CategoryPageTest" name="verifyEditCategory" time="10.502"/>
</testsuite> <!-- testCase.CategoryPageTest -->
