<?xml version="1.0" encoding="UTF-8"?>
<!-- Generated by org.testng.reporters.JUnitReportReporter -->
<testsuite hostname="ANUKIRAN" failures="0" tests="6" name="testCase.ManageNewsTest" time="43.996" errors="0" timestamp="2024-11-02T14:00:39 EDT" skipped="0">
  <testcase classname="testCase.ManageNewsTest" name="verifyEditNews" time="8.383"/>
  <system-out/>
  <testcase classname="testCase.ManageNewsTest" name="verifyAddedNews" time="6.415"/>
  <system-out/>
  <testcase classname="testCase.ManageNewsTest" name="verifyDeleteNews" time="5.937"/>
  <system-out/>
  <testcase classname="testCase.ManageNewsTest" name="verifyAddedNews" time="8.556"/>
  <system-out/>
  <testcase classname="testCase.ManageNewsTest" name="verifyDeleteNews" time="8.017"/>
  <system-out/>
  <testcase classname="testCase.ManageNewsTest" name="verifyEditNews" time="6.688"/>
  <system-out/>
</testsuite> <!-- testCase.ManageNewsTest -->
