<?xml version="1.0" encoding="UTF-8"?>
<!-- Generated by org.testng.reporters.JUnitReportReporter -->
<testsuite hostname="ANUKIRAN" failures="0" tests="4" name="testCase.LogInPageTest" time="12.059" errors="0" timestamp="2024-10-28T23:39:16 EDT" skipped="1">
  <testcase classname="testCase.LogInPageTest" name="verifyLogInWithExcelData" time="3.605"/>
  <system-out/>
  <testcase classname="testCase.LogInPageTest" name="verifyLogInWithValidData" time="4.741"/>
  <system-out/>
  <testcase classname="testCase.LogInPageTest" name="verifyLogInWithExcelData" time="3.713"/>
  <system-out/>
  <testcase classname="testCase.LogInPageTest" name="verifyLogInWithInValidData">
    <skipped/>
  </testcase> <!-- verifyLogInWithInValidData -->
  <system-out/>
</testsuite> <!-- testCase.LogInPageTest -->
