<?xml version="1.0" encoding="UTF-8"?>
<!-- Generated by org.testng.reporters.JUnitReportReporter -->
<testsuite hostname="ANUKIRAN" failures="0" tests="6" name="testCase.ManageNewsTest" time="39.769" errors="0" timestamp="2024-11-14T15:20:18 EST" skipped="0">
  <testcase classname="testCase.ManageNewsTest" name="verifyEditNewsFunctionality" time="8.034"/>
  <testcase classname="testCase.ManageNewsTest" name="verifyDeleteNewsFunctionality" time="7.305"/>
  <testcase classname="testCase.ManageNewsTest" name="verifyAddNewsFunctionality" time="7.737"/>
  <testcase classname="testCase.ManageNewsTest" name="verifyAddNewsFunctionality" time="5.651"/>
  <testcase classname="testCase.ManageNewsTest" name="verifyDeleteNewsFunctionality" time="5.460"/>
  <testcase classname="testCase.ManageNewsTest" name="verifyEditNewsFunctionality" time="5.582"/>
</testsuite> <!-- testCase.ManageNewsTest -->
