<?xml version="1.0" encoding="UTF-8"?>
<!-- Generated by org.testng.reporters.JUnitReportReporter -->
<testsuite hostname="ANUKIRAN" failures="0" tests="6" name="testCase.ManageNewsTest" time="40.619" errors="0" timestamp="2024-11-02T14:54:42 EDT" skipped="0">
  <testcase classname="testCase.ManageNewsTest" name="verifyAddedNews" time="6.191"/>
  <system-out/>
  <testcase classname="testCase.ManageNewsTest" name="verifyEditNews" time="7.644"/>
  <system-out/>
  <testcase classname="testCase.ManageNewsTest" name="verifyDeleteNews" time="7.079"/>
  <system-out/>
  <testcase classname="testCase.ManageNewsTest" name="verifyDeleteNews" time="5.630"/>
  <system-out/>
  <testcase classname="testCase.ManageNewsTest" name="verifyAddedNews" time="7.984"/>
  <system-out/>
  <testcase classname="testCase.ManageNewsTest" name="verifyEditNews" time="6.091"/>
  <system-out/>
</testsuite> <!-- testCase.ManageNewsTest -->
