<?xml version="1.0" encoding="UTF-8"?>
<!-- Generated by org.testng.reporters.JUnitReportReporter -->
<testsuite hostname="ANUKIRAN" failures="0" tests="6" name="testCase.ManageNewsTest" time="39.919" errors="0" timestamp="2024-11-02T14:31:07 EDT" skipped="0">
  <testcase classname="testCase.ManageNewsTest" name="verifyEditNews" time="6.024"/>
  <system-out/>
  <testcase classname="testCase.ManageNewsTest" name="verifyDeleteNews" time="7.273"/>
  <system-out/>
  <testcase classname="testCase.ManageNewsTest" name="verifyAddedNews" time="7.794"/>
  <system-out/>
  <testcase classname="testCase.ManageNewsTest" name="verifyEditNews" time="7.816"/>
  <system-out/>
  <testcase classname="testCase.ManageNewsTest" name="verifyDeleteNews" time="5.052"/>
  <system-out/>
  <testcase classname="testCase.ManageNewsTest" name="verifyAddedNews" time="5.960"/>
  <system-out/>
</testsuite> <!-- testCase.ManageNewsTest -->
