<?xml version="1.0" encoding="UTF-8"?>
<!-- Generated by org.testng.reporters.JUnitReportReporter -->
<testsuite hostname="ANUKIRAN" failures="0" tests="8" name="testCase.LogInPageTest" time="32.837" errors="0" timestamp="2024-11-02T14:54:42 EDT" skipped="2">
  <testcase classname="testCase.LogInPageTest" name="verifyLogInWithValidData" time="4.741"/>
  <system-out/>
  <testcase classname="testCase.LogInPageTest" name="verifyLogInWithExcelData" time="6.500"/>
  <system-out/>
  <testcase classname="testCase.LogInPageTest" name="verifyLogInWithExcelData" time="3.900"/>
  <system-out/>
  <testcase classname="testCase.LogInPageTest" name="verifyLogInWithExcelData" time="7.171"/>
  <system-out/>
  <testcase classname="testCase.LogInPageTest" name="verifyLogInWithValidData" time="6.675"/>
  <system-out/>
  <testcase classname="testCase.LogInPageTest" name="verifyLogInWithExcelData" time="3.850"/>
  <system-out/>
  <testcase classname="testCase.LogInPageTest" name="verifyLogInWithInValidData">
    <skipped/>
  </testcase> <!-- verifyLogInWithInValidData -->
  <system-out/>
  <testcase classname="testCase.LogInPageTest" name="verifyLogInWithInValidData">
    <skipped/>
  </testcase> <!-- verifyLogInWithInValidData -->
  <system-out/>
</testsuite> <!-- testCase.LogInPageTest -->
