<?xml version="1.0" encoding="UTF-8"?>
<!-- Generated by org.testng.reporters.JUnitReportReporter -->
<testsuite hostname="ANUKIRAN" failures="0" tests="8" name="testCase.LogInPageTest" time="32.025" errors="0" timestamp="2024-11-14T15:20:18 EST" skipped="2">
  <testcase classname="testCase.LogInPageTest" name="verifyLogInWithValidData" time="3.967"/>
  <testcase classname="testCase.LogInPageTest" name="verifyLogInWithValidData" time="7.328"/>
  <testcase classname="testCase.LogInPageTest" name="verifyLogInWithExcelData" time="4.127"/>
  <testcase classname="testCase.LogInPageTest" name="verifyLogInWithExcelData" time="6.428"/>
  <testcase classname="testCase.LogInPageTest" name="verifyLogInWithExcelData" time="3.791"/>
  <testcase classname="testCase.LogInPageTest" name="verifyLogInWithExcelData" time="6.384"/>
  <testcase classname="testCase.LogInPageTest" name="verifyLogInWithInValidData">
    <skipped/>
  </testcase> <!-- verifyLogInWithInValidData -->
  <testcase classname="testCase.LogInPageTest" name="verifyLogInWithInValidData">
    <skipped/>
  </testcase> <!-- verifyLogInWithInValidData -->
</testsuite> <!-- testCase.LogInPageTest -->
