<?xml version="1.0" encoding="UTF-8"?>
<!-- Generated by org.testng.reporters.JUnitReportReporter -->
<testsuite hostname="ANUKIRAN" failures="0" tests="4" name="testCase.CategoryPageTest" time="32.719" errors="0" timestamp="2024-11-02T14:00:39 EDT" skipped="0">
  <testcase classname="testCase.CategoryPageTest" name="verifyDeleteCategory" time="5.939"/>
  <system-out/>
  <testcase classname="testCase.CategoryPageTest" name="verifyEditCategory" time="9.375"/>
  <system-out/>
  <testcase classname="testCase.CategoryPageTest" name="verifyDeleteCategory" time="10.236"/>
  <system-out/>
  <testcase classname="testCase.CategoryPageTest" name="verifyEditCategory" time="7.169"/>
  <system-out/>
</testsuite> <!-- testCase.CategoryPageTest -->
