<?xml version="1.0" encoding="UTF-8"?>
<!-- Generated by org.testng.reporters.JUnitReportReporter -->
<testsuite hostname="ANUKIRAN" failures="0" tests="4" name="testCase.AdminUsersTest" time="69.913" errors="0" timestamp="2024-11-14T15:20:18 EST" skipped="0">
  <testcase classname="testCase.AdminUsersTest" name="addNewAdminUsers" time="5.818"/>
  <testcase classname="testCase.AdminUsersTest" name="changeUserStatus" time="28.499"/>
  <testcase classname="testCase.AdminUsersTest" name="addNewAdminUsers" time="9.851"/>
  <testcase classname="testCase.AdminUsersTest" name="changeUserStatus" time="25.745"/>
</testsuite> <!-- testCase.AdminUsersTest -->
