<?xml version="1.0" encoding="UTF-8"?>
<!-- Generated by org.testng.reporters.JUnitReportReporter -->
<testsuite hostname="ANUKIRAN" failures="0" tests="6" name="testCase.ManageNewsTest" time="44.008" errors="0" timestamp="2024-11-07T10:16:18 EST" skipped="0">
  <testcase classname="testCase.ManageNewsTest" name="verifyEditNews" time="6.491"/>
  <testcase classname="testCase.ManageNewsTest" name="verifyDeleteNews" time="6.307"/>
  <testcase classname="testCase.ManageNewsTest" name="verifyDeleteNews" time="7.740"/>
  <testcase classname="testCase.ManageNewsTest" name="verifyAddedNews" time="8.471"/>
  <testcase classname="testCase.ManageNewsTest" name="verifyEditNews" time="8.560"/>
  <testcase classname="testCase.ManageNewsTest" name="verifyAddedNews" time="6.439"/>
</testsuite> <!-- testCase.ManageNewsTest -->
