<?xml version="1.0" encoding="UTF-8"?>
<!-- Generated by org.testng.reporters.JUnitReportReporter -->
<testsuite hostname="ANUKIRAN" failures="0" tests="4" name="testCase.CategoryPageTest" time="29.099" errors="0" timestamp="2024-11-14T15:20:18 EST" skipped="0">
  <testcase classname="testCase.CategoryPageTest" name="verifyDeleteCategoryFunctionality" time="5.315"/>
  <testcase classname="testCase.CategoryPageTest" name="verifyCategoryEditFunctionality" time="5.950"/>
  <testcase classname="testCase.CategoryPageTest" name="verifyDeleteCategoryFunctionality" time="8.130"/>
  <testcase classname="testCase.CategoryPageTest" name="verifyCategoryEditFunctionality" time="9.704"/>
</testsuite> <!-- testCase.CategoryPageTest -->
