<?xml version="1.0" encoding="UTF-8"?>
<!-- Generated by org.testng.reporters.JUnitReportReporter -->
<testsuite hostname="ANUKIRAN" failures="0" tests="2" name="testCase.ManageContactTest" time="13.188" errors="0" timestamp="2024-11-14T15:20:18 EST" skipped="0">
  <testcase classname="testCase.ManageContactTest" name="editContact" time="5.228"/>
  <testcase classname="testCase.ManageContactTest" name="editContact" time="7.960"/>
</testsuite> <!-- testCase.ManageContactTest -->
