<?xml version="1.0" encoding="UTF-8"?>
<!-- Generated by org.testng.reporters.JUnitReportReporter -->
<testsuite hostname="ANUKIRAN" failures="0" tests="2" name="testCase.ManageContactTest" time="20.873" errors="0" timestamp="2024-11-02T14:31:07 EDT" skipped="0">
  <testcase classname="testCase.ManageContactTest" name="editContact" time="7.795"/>
  <system-out/>
  <testcase classname="testCase.ManageContactTest" name="editContact" time="13.078"/>
  <system-out/>
</testsuite> <!-- testCase.ManageContactTest -->
