<?xml version="1.0" encoding="UTF-8"?>
<!-- Generated by org.testng.reporters.JUnitReportReporter -->
<testsuite hostname="ANUKIRAN" failures="0" tests="4" name="testCase.CategoryPageTest" time="29.581" errors="0" timestamp="2024-11-02T14:54:42 EDT" skipped="0">
  <testcase classname="testCase.CategoryPageTest" name="verifyEditCategory" time="9.563"/>
  <system-out/>
  <testcase classname="testCase.CategoryPageTest" name="verifyDeleteCategory" time="8.590"/>
  <system-out/>
  <testcase classname="testCase.CategoryPageTest" name="verifyEditCategory" time="6.231"/>
  <system-out/>
  <testcase classname="testCase.CategoryPageTest" name="verifyDeleteCategory" time="5.197"/>
  <system-out/>
</testsuite> <!-- testCase.CategoryPageTest -->
