<?xml version="1.0" encoding="UTF-8"?>
<!-- Generated by org.testng.reporters.JUnitReportReporter -->
<testsuite hostname="ANUKIRAN" failures="0" tests="8" name="testCase.LogInPageTest" time="32.582" errors="0" timestamp="2024-11-02T14:31:07 EDT" skipped="2">
  <testcase classname="testCase.LogInPageTest" name="verifyLogInWithExcelData" time="4.360"/>
  <system-out/>
  <testcase classname="testCase.LogInPageTest" name="verifyLogInWithValidData" time="4.184"/>
  <system-out/>
  <testcase classname="testCase.LogInPageTest" name="verifyLogInWithExcelData" time="6.187"/>
  <system-out/>
  <testcase classname="testCase.LogInPageTest" name="verifyLogInWithExcelData" time="7.016"/>
  <system-out/>
  <testcase classname="testCase.LogInPageTest" name="verifyLogInWithExcelData" time="3.866"/>
  <system-out/>
  <testcase classname="testCase.LogInPageTest" name="verifyLogInWithValidData" time="6.969"/>
  <system-out/>
  <testcase classname="testCase.LogInPageTest" name="verifyLogInWithInValidData">
    <skipped/>
  </testcase> <!-- verifyLogInWithInValidData -->
  <system-out/>
  <testcase classname="testCase.LogInPageTest" name="verifyLogInWithInValidData">
    <skipped/>
  </testcase> <!-- verifyLogInWithInValidData -->
  <system-out/>
</testsuite> <!-- testCase.LogInPageTest -->
