<?xml version="1.0" encoding="UTF-8"?>
<!-- Generated by org.testng.reporters.JUnitReportReporter -->
<testsuite hostname="ANUKIRAN" failures="0" tests="2" name="testCase.ManageContactTest" time="15.283" errors="0" timestamp="2024-11-07T10:16:18 EST" skipped="0">
  <testcase classname="testCase.ManageContactTest" name="editContact" time="7.258"/>
  <testcase classname="testCase.ManageContactTest" name="editContact" time="8.025"/>
</testsuite> <!-- testCase.ManageContactTest -->
