<?xml version="1.0" encoding="UTF-8"?>
<!-- Generated by org.testng.reporters.JUnitReportReporter -->
<testsuite hostname="ANUKIRAN" failures="0" tests="4" name="testCase.AdminUsersTest" time="35.064" errors="0" timestamp="2024-11-02T14:31:07 EDT" skipped="0">
  <testcase classname="testCase.AdminUsersTest" name="verifyAddAdminUsers" time="5.940"/>
  <system-out/>
  <testcase classname="testCase.AdminUsersTest" name="verifyUserStatus" time="9.674"/>
  <system-out/>
  <testcase classname="testCase.AdminUsersTest" name="verifyUserStatus" time="5.420"/>
  <system-out/>
  <testcase classname="testCase.AdminUsersTest" name="verifyAddAdminUsers" time="14.030"/>
  <system-out/>
</testsuite> <!-- testCase.AdminUsersTest -->
