<?xml version="1.0" encoding="UTF-8"?>
<!-- Generated by org.testng.reporters.JUnitReportReporter -->
<testsuite hostname="ANUKIRAN" failures="0" tests="6" name="testCase.SubCategoryTest" time="45.584" errors="0" timestamp="2024-11-14T15:20:18 EST" skipped="0">
  <testcase classname="testCase.SubCategoryTest" name="deleteSubCategoryFunctionality" time="9.296"/>
  <testcase classname="testCase.SubCategoryTest" name="verifyNewSubCategory" time="9.387"/>
  <testcase classname="testCase.SubCategoryTest" name="verifyNewSubCategory" time="6.130"/>
  <testcase classname="testCase.SubCategoryTest" name="updateSubCategoryFunctionality" time="6.227"/>
  <testcase classname="testCase.SubCategoryTest" name="updateSubCategoryFunctionality" time="8.387"/>
  <testcase classname="testCase.SubCategoryTest" name="deleteSubCategoryFunctionality" time="6.157"/>
</testsuite> <!-- testCase.SubCategoryTest -->
