<?xml version="1.0" encoding="UTF-8"?>
<!-- Generated by org.testng.reporters.JUnitReportReporter -->
<testsuite hostname="ANUKIRAN" failures="0" tests="4" name="testCase.AdminUsersTest" time="36.116" errors="0" timestamp="2024-11-07T10:16:18 EST" skipped="0">
  <testcase classname="testCase.AdminUsersTest" name="verifyAddAdminUsers" time="11.597"/>
  <testcase classname="testCase.AdminUsersTest" name="verifyUserStatus" time="11.411"/>
  <testcase classname="testCase.AdminUsersTest" name="verifyAddAdminUsers" time="6.862"/>
  <testcase classname="testCase.AdminUsersTest" name="verifyUserStatus" time="6.246"/>
</testsuite> <!-- testCase.AdminUsersTest -->
