<?xml version="1.0" encoding="UTF-8"?>
<!-- Generated by org.testng.reporters.JUnitReportReporter -->
<testsuite hostname="ANUKIRAN" failures="0" tests="4" name="testCase.AdminUsersTest" time="31.692" errors="0" timestamp="2024-11-02T14:54:42 EDT" skipped="0">
  <testcase classname="testCase.AdminUsersTest" name="verifyUserStatus" time="5.647"/>
  <system-out/>
  <testcase classname="testCase.AdminUsersTest" name="verifyAddAdminUsers" time="9.703"/>
  <system-out/>
  <testcase classname="testCase.AdminUsersTest" name="verifyUserStatus" time="9.296"/>
  <system-out/>
  <testcase classname="testCase.AdminUsersTest" name="verifyAddAdminUsers" time="7.046"/>
  <system-out/>
</testsuite> <!-- testCase.AdminUsersTest -->
