<?xml version="1.0" encoding="UTF-8"?>
<!-- Generated by org.testng.reporters.JUnitReportReporter -->
<testsuite hostname="ANUKIRAN" failures="0" tests="4" name="testCase.AdminUsersTest" time="36.231" errors="0" timestamp="2024-11-02T14:00:39 EDT" skipped="0">
  <testcase classname="testCase.AdminUsersTest" name="verifyUserStatus" time="6.904"/>
  <system-out/>
  <testcase classname="testCase.AdminUsersTest" name="verifyUserStatus" time="10.328"/>
  <system-out/>
  <testcase classname="testCase.AdminUsersTest" name="verifyAddAdminUsers" time="7.027"/>
  <system-out/>
  <testcase classname="testCase.AdminUsersTest" name="verifyAddAdminUsers" time="11.972"/>
  <system-out/>
</testsuite> <!-- testCase.AdminUsersTest -->
