<?xml version="1.0" encoding="UTF-8"?>
<!-- Generated by org.testng.reporters.JUnitReportReporter -->
<testsuite hostname="ANUKIRAN" failures="0" tests="6" name="testCase.ManageNewsTest" time="43.192" errors="0" timestamp="2024-11-02T13:34:48 EDT" skipped="0">
  <testcase classname="testCase.ManageNewsTest" name="verifyDeleteNews" time="7.388"/>
  <system-out/>
  <testcase classname="testCase.ManageNewsTest" name="verifyEditNews" time="7.041"/>
  <system-out/>
  <testcase classname="testCase.ManageNewsTest" name="verifyAddedNews" time="7.805"/>
  <system-out/>
  <testcase classname="testCase.ManageNewsTest" name="verifyAddedNews" time="6.327"/>
  <system-out/>
  <testcase classname="testCase.ManageNewsTest" name="verifyEditNews" time="7.685"/>
  <system-out/>
  <testcase classname="testCase.ManageNewsTest" name="verifyDeleteNews" time="6.946"/>
  <system-out/>
</testsuite> <!-- testCase.ManageNewsTest -->
