<?xml version="1.0" encoding="UTF-8"?>
<!-- Generated by org.testng.reporters.JUnitReportReporter -->
<testsuite hostname="ANUKIRAN" failures="0" tests="6" name="testCase.SubCategoryTest" time="50.298" errors="0" timestamp="2024-11-02T13:34:48 EDT" skipped="0">
  <testcase classname="testCase.SubCategoryTest" name="verifyNewSubCategory" time="6.509"/>
  <system-out/>
  <testcase classname="testCase.SubCategoryTest" name="verifyNewSubCategory" time="8.967"/>
  <system-out/>
  <testcase classname="testCase.SubCategoryTest" name="deleteSubCategory" time="8.045"/>
  <system-out/>
  <testcase classname="testCase.SubCategoryTest" name="deleteSubCategory" time="11.937"/>
  <system-out/>
  <testcase classname="testCase.SubCategoryTest" name="updateSubCategory" time="8.626"/>
  <system-out/>
  <testcase classname="testCase.SubCategoryTest" name="updateSubCategory" time="6.214"/>
  <system-out/>
</testsuite> <!-- testCase.SubCategoryTest -->
