<?xml version="1.0" encoding="UTF-8"?>
<!-- Generated by org.testng.reporters.JUnitReportReporter -->
<testsuite hostname="ANUKIRAN" failures="0" tests="4" name="testCase.AdminUsersTest" time="39.218" errors="0" timestamp="2024-11-02T13:34:48 EDT" skipped="0">
  <testcase classname="testCase.AdminUsersTest" name="verifyAddAdminUsers" time="11.564"/>
  <system-out/>
  <testcase classname="testCase.AdminUsersTest" name="verifyUserStatus" time="9.223"/>
  <system-out/>
  <testcase classname="testCase.AdminUsersTest" name="verifyAddAdminUsers" time="12.916"/>
  <system-out/>
  <testcase classname="testCase.AdminUsersTest" name="verifyUserStatus" time="5.515"/>
  <system-out/>
</testsuite> <!-- testCase.AdminUsersTest -->
