<?xml version="1.0" encoding="UTF-8"?>
<!-- Generated by org.testng.reporters.JUnitReportReporter -->
<testsuite hostname="ANUKIRAN" failures="0" tests="6" name="testCase.SubCategoryTest" time="47.924" errors="0" timestamp="2024-11-02T14:31:07 EDT" skipped="0">
  <testcase classname="testCase.SubCategoryTest" name="verifyNewSubCategory" time="9.492"/>
  <system-out/>
  <testcase classname="testCase.SubCategoryTest" name="deleteSubCategory" time="6.115"/>
  <system-out/>
  <testcase classname="testCase.SubCategoryTest" name="updateSubCategory" time="6.031"/>
  <system-out/>
  <testcase classname="testCase.SubCategoryTest" name="updateSubCategory" time="8.626"/>
  <system-out/>
  <testcase classname="testCase.SubCategoryTest" name="deleteSubCategory" time="9.172"/>
  <system-out/>
  <testcase classname="testCase.SubCategoryTest" name="verifyNewSubCategory" time="8.488"/>
  <system-out/>
</testsuite> <!-- testCase.SubCategoryTest -->
