<?xml version="1.0" encoding="UTF-8"?>
<!-- Generated by org.testng.reporters.JUnitReportReporter -->
<testsuite hostname="ANUKIRAN" failures="0" tests="2" name="testCase.AdminUsersTest" time="15.073" errors="0" timestamp="2024-10-29T09:50:08 EDT" skipped="0">
  <testcase classname="testCase.AdminUsersTest" name="verifyAddAdminUsers" time="8.963"/>
  <system-out/>
  <testcase classname="testCase.AdminUsersTest" name="verifyAddAdminUsers" time="6.110"/>
  <system-out/>
</testsuite> <!-- testCase.AdminUsersTest -->
