<?xml version="1.0" encoding="UTF-8"?>
<!-- Generated by org.testng.reporters.JUnitReportReporter -->
<testsuite hostname="ANUKIRAN" failures="0" tests="6" name="testCase.SubCategoryTest" time="55.519" errors="0" timestamp="2024-11-02T14:00:39 EDT" skipped="0">
  <testcase classname="testCase.SubCategoryTest" name="deleteSubCategory" time="11.499"/>
  <system-out/>
  <testcase classname="testCase.SubCategoryTest" name="updateSubCategory" time="6.809"/>
  <system-out/>
  <testcase classname="testCase.SubCategoryTest" name="verifyNewSubCategory" time="11.033"/>
  <system-out/>
  <testcase classname="testCase.SubCategoryTest" name="deleteSubCategory" time="7.578"/>
  <system-out/>
  <testcase classname="testCase.SubCategoryTest" name="verifyNewSubCategory" time="7.656"/>
  <system-out/>
  <testcase classname="testCase.SubCategoryTest" name="updateSubCategory" time="10.944"/>
  <system-out/>
</testsuite> <!-- testCase.SubCategoryTest -->
