<?xml version="1.0" encoding="UTF-8"?>
<!-- Generated by org.testng.reporters.JUnitReportReporter -->
<testsuite hostname="ANUKIRAN" failures="0" tests="4" name="testCase.CategoryPageTest" time="34.346" errors="0" timestamp="2024-11-02T13:34:48 EDT" skipped="0">
  <testcase classname="testCase.CategoryPageTest" name="verifyEditCategory" time="7.215"/>
  <system-out/>
  <testcase classname="testCase.CategoryPageTest" name="verifyDeleteCategory" time="8.559"/>
  <system-out/>
  <testcase classname="testCase.CategoryPageTest" name="verifyEditCategory" time="12.485"/>
  <system-out/>
  <testcase classname="testCase.CategoryPageTest" name="verifyDeleteCategory" time="6.087"/>
  <system-out/>
</testsuite> <!-- testCase.CategoryPageTest -->
