<?xml version="1.0" encoding="UTF-8"?>
<!-- Generated by org.testng.reporters.JUnitReportReporter -->
<testsuite hostname="ANUKIRAN" failures="0" tests="2" name="testCase.ManageContactTest" time="14.617" errors="0" timestamp="2024-11-02T14:00:39 EDT" skipped="0">
  <testcase classname="testCase.ManageContactTest" name="editContact" time="6.012"/>
  <system-out/>
  <testcase classname="testCase.ManageContactTest" name="editContact" time="8.605"/>
  <system-out/>
</testsuite> <!-- testCase.ManageContactTest -->
